*********************** AMR Loop 1**********************
Number of tetrahedral elements: 21672
Degrees of Freedom (DOFs): 5085
start assemble primal problem
start solve primal problem
Post processing...
start assemble dual problem  
if_compute_P2: true
errors.Max(): 0.00958826
errors.mean(): 0.00031658
*********************** AMR Loop 2**********************
Number of tetrahedral elements: 38166
Degrees of Freedom (DOFs): 8126
start assemble primal problem
start solve primal problem
Post processing...
start assemble dual problem  
if_compute_P2: true
errors.Max(): 0.00286473
errors.mean(): 0.000127413
*********************** AMR Loop 3**********************
Number of tetrahedral elements: 51355
Degrees of Freedom (DOFs): 10513
start assemble primal problem
start solve primal problem
Post processing...
start assemble dual problem  
if_compute_P2: true
errors.Max(): 0.000789466
errors.mean(): 7.65533e-05
*********************** AMR Loop 4**********************
Number of tetrahedral elements: 72470
Degrees of Freedom (DOFs): 14326
start assemble primal problem
start solve primal problem
Post processing...
start assemble dual problem  
if_compute_P2: true
errors.Max(): 0.000311625
errors.mean(): 4.30738e-05
*********************** AMR Loop 5**********************
Number of tetrahedral elements: 106530
Degrees of Freedom (DOFs): 20485
start assemble primal problem
start solve primal problem
Post processing...
start assemble dual problem  
if_compute_P2: true
errors.Max(): 0.000150878
errors.mean(): 1.89825e-05
the calculation time for this mesh is:	12.7285 seconds
